<?xml version="1.0" encoding="UTF-8"?>
<testng-results total="1" passed="1" failed="0" skipped="0">
  <reporter-output>
  </reporter-output>
  <suite started-at="2019-07-20T22:58:27Z" name="Default suite" finished-at="2019-07-20T22:58:35Z" duration-ms="7766">
    <groups>
    </groups>
    <test started-at="2019-07-20T22:58:27Z" name="Default test" finished-at="2019-07-20T22:58:35Z" duration-ms="7766">
      <class name="test.AddContactTest">
        <test-method signature="AddingContact()[pri:0, instance:test.AddContactTest@45a37759]" started-at="2019-07-20T17:58:27Z" name="AddingContact" finished-at="2019-07-20T17:58:35Z" duration-ms="7747" status="PASS">
          <reporter-output>
          </reporter-output>
        </test-method> <!-- AddingContact -->
      </class> <!-- test.AddContactTest -->
    </test> <!-- Default test -->
  </suite> <!-- Default suite -->
</testng-results>
